<?xml version="1.0" encoding="UTF-8"?>
<!-- Generated by org.testng.reporters.JUnitReportReporter -->
<testsuite hostname="DESKTOP-2UOT798" failures="0" tests="2" name="TestUIMercantil" time="31.317" errors="0" timestamp="2022-04-19T12:30:03 ART" skipped="0">
  <testcase classname="TestUIMercantil" name="TestCase003CotizarFerrari" time="10.281"/>
  <system-out/>
  <testcase classname="TestUIMercantil" name="TestCase001CotizarPeugeot206" time="21.036"/>
  <system-out/>
</testsuite> <!-- TestUIMercantil -->
