<?xml version="1.0" encoding="UTF-8"?>
<!-- Generated by org.testng.reporters.JUnitReportReporter -->
<testsuite skipped="0" hostname="DESKTOP-2UOT798" name="org.jonathanbs.ui.TestUIMercantil" tests="2" failures="0" timestamp="2022-04-20T15:29:52 ART" time="28.084" errors="0">
  <testcase name="TestCase002CotizarFerrari" time="10.828" classname="org.jonathanbs.ui.TestUIMercantil"/>
  <system-out/>
  <testcase name="TestCase001CotizarPeugeot206" time="17.256" classname="org.jonathanbs.ui.TestUIMercantil"/>
  <system-out/>
</testsuite> <!-- org.jonathanbs.ui.TestUIMercantil -->
